<?xml version="1.0" encoding="UTF-8"?>
<testng-results skipped="0" failed="0" total="1" passed="1">
  <reporter-output>
  </reporter-output>
  <suite name="com.test.NewImplementation.AppTest" duration-ms="47646" started-at="2018-08-15T15:33:19Z" finished-at="2018-08-15T15:34:06Z">
    <groups>
    </groups>
    <test name="Command line test" duration-ms="47646" started-at="2018-08-15T15:33:19Z" finished-at="2018-08-15T15:34:06Z">
      <class name="com.test.NewImplementation.AppTest">
        <test-method status="PASS" signature="test()[pri:0, instance:com.test.NewImplementation.AppTest@2c9f9fb0]" name="test" duration-ms="47615" started-at="2018-08-15T21:03:19Z" finished-at="2018-08-15T21:04:06Z">
          <reporter-output>
          </reporter-output>
        </test-method> <!-- test -->
      </class> <!-- com.test.NewImplementation.AppTest -->
    </test> <!-- Command line test -->
  </suite> <!-- com.test.NewImplementation.AppTest -->
</testng-results>
