<?xml version="1.0" encoding="UTF-8"?>
<testng-results skipped="0" failed="0" total="1" passed="1">
  <reporter-output>
  </reporter-output>
  <suite name="Default suite" duration-ms="242" started-at="2018-08-15T13:11:25Z" finished-at="2018-08-15T13:11:25Z">
    <groups>
    </groups>
    <test name="Default test" duration-ms="242" started-at="2018-08-15T13:11:25Z" finished-at="2018-08-15T13:11:25Z">
      <class name="com.test.NewImplementation.AppTest">
        <test-method status="PASS" signature="test()[pri:0, instance:com.test.NewImplementation.AppTest@7ac7a4e4]" name="test" duration-ms="125" started-at="2018-08-15T18:41:25Z" finished-at="2018-08-15T18:41:25Z">
          <reporter-output>
          </reporter-output>
        </test-method> <!-- test -->
      </class> <!-- com.test.NewImplementation.AppTest -->
    </test> <!-- Default test -->
  </suite> <!-- Default suite -->
</testng-results>
